<?xml version="1.0" encoding="UTF-8"?>
<testsuite name="com.vakyam.spring.example.RequestSplitterApplicationTests" tests="1" skipped="0" failures="0" errors="0" timestamp="2018-09-04T13:18:21" hostname="sirius" time="0.036">
  <properties/>
  <testcase name="contextLoads" classname="com.vakyam.spring.example.RequestSplitterApplicationTests" time="0.036"/>
  <system-out><![CDATA[07:18:15.742 [Test worker] DEBUG org.springframework.test.context.junit4.SpringJUnit4ClassRunner - SpringJUnit4ClassRunner constructor called with [class com.vakyam.spring.example.RequestSplitterApplicationTests]
07:18:15.760 [Test worker] DEBUG org.springframework.test.context.BootstrapUtils - Instantiating CacheAwareContextLoaderDelegate from class [org.springframework.test.context.cache.DefaultCacheAwareContextLoaderDelegate]
07:18:15.780 [Test worker] DEBUG org.springframework.test.context.BootstrapUtils - Instantiating BootstrapContext using constructor [public org.springframework.test.context.support.DefaultBootstrapContext(java.lang.Class,org.springframework.test.context.CacheAwareContextLoaderDelegate)]
07:18:15.825 [Test worker] DEBUG org.springframework.test.context.BootstrapUtils - Instantiating TestContextBootstrapper for test class [com.vakyam.spring.example.RequestSplitterApplicationTests] from class [org.springframework.boot.test.context.SpringBootTestContextBootstrapper]
07:18:15.850 [Test worker] INFO org.springframework.boot.test.context.SpringBootTestContextBootstrapper - Neither @ContextConfiguration nor @ContextHierarchy found for test class [com.vakyam.spring.example.RequestSplitterApplicationTests], using SpringBootContextLoader
07:18:15.857 [Test worker] DEBUG org.springframework.test.context.support.AbstractContextLoader - Did not detect default resource location for test class [com.vakyam.spring.example.RequestSplitterApplicationTests]: class path resource [com/vakyam/spring/example/RequestSplitterApplicationTests-context.xml] does not exist
07:18:15.857 [Test worker] DEBUG org.springframework.test.context.support.AbstractContextLoader - Did not detect default resource location for test class [com.vakyam.spring.example.RequestSplitterApplicationTests]: class path resource [com/vakyam/spring/example/RequestSplitterApplicationTestsContext.groovy] does not exist
07:18:15.858 [Test worker] INFO org.springframework.test.context.support.AbstractContextLoader - Could not detect default resource locations for test class [com.vakyam.spring.example.RequestSplitterApplicationTests]: no resource found for suffixes {-context.xml, Context.groovy}.
07:18:15.860 [Test worker] INFO org.springframework.test.context.support.AnnotationConfigContextLoaderUtils - Could not detect default configuration classes for test class [com.vakyam.spring.example.RequestSplitterApplicationTests]: RequestSplitterApplicationTests does not declare any static, non-private, non-final, nested classes annotated with @Configuration.
07:18:15.925 [Test worker] DEBUG org.springframework.test.context.support.ActiveProfilesUtils - Could not find an 'annotation declaring class' for annotation type [org.springframework.test.context.ActiveProfiles] and class [com.vakyam.spring.example.RequestSplitterApplicationTests]
07:18:15.942 [Test worker] DEBUG org.springframework.core.env.StandardEnvironment - Adding PropertySource 'systemProperties' with lowest search precedence
07:18:15.942 [Test worker] DEBUG org.springframework.core.env.StandardEnvironment - Adding PropertySource 'systemEnvironment' with lowest search precedence
07:18:15.943 [Test worker] DEBUG org.springframework.core.env.StandardEnvironment - Initialized StandardEnvironment with PropertySources [MapPropertySource@65154417 {name='systemProperties', properties={java.runtime.name=Java(TM) SE Runtime Environment, sun.boot.library.path=/usr/local/lib/jdk1.8.0_152/jre/lib/amd64, java.vm.version=25.152-b16, java.vm.vendor=Oracle Corporation, java.vendor.url=http://java.oracle.com/, path.separator=:, java.vm.name=Java HotSpot(TM) 64-Bit Server VM, file.encoding.pkg=sun.io, sun.java.launcher=SUN_STANDARD, user.country=US, sun.os.patch.level=unknown, java.vm.specification.name=Java Virtual Machine Specification, user.dir=/home/tito/git/requestsplitter, java.runtime.version=1.8.0_152-b16, java.awt.graphicsenv=sun.awt.X11GraphicsEnvironment, java.endorsed.dirs=/usr/local/lib/jdk1.8.0_152/jre/lib/endorsed, os.arch=amd64, java.io.tmpdir=/tmp, line.separator=
, java.vm.specification.vendor=Oracle Corporation, user.variant=, os.name=Linux, sun.jnu.encoding=UTF-8, java.library.path=/usr/local/lib/idea-IC-172.4574.11/bin::/usr/java/packages/lib/amd64:/usr/lib64:/lib64:/lib:/usr/lib, java.specification.name=Java Platform API Specification, java.class.version=52.0, org.gradle.native=false, sun.management.compiler=HotSpot 64-Bit Tiered Compilers, os.version=4.4.0-124-generic, user.home=/home/tito, user.timezone=America/Denver, java.awt.printerjob=sun.print.PSPrinterJob, file.encoding=UTF-8, java.specification.version=1.8, java.class.path=/home/tito/git/requestsplitter/build/classes/java/test:/home/tito/git/requestsplitter/build/resources/test:/home/tito/git/requestsplitter/build/classes/java/main:/home/tito/git/requestsplitter/build/resources/main:/home/tito/.gradle/caches/modules-2/files-2.1/org.springframework.boot/spring-boot-starter-actuator/2.0.4.RELEASE/24e901473279d9c18e0a0f8037d58b18c8297dca/spring-boot-starter-actuator-2.0.4.RELEASE.jar:/home/tito/.gradle/caches/modules-2/files-2.1/org.springframework.boot/spring-boot-starter-web/2.0.4.RELEASE/98d49e981ecf804da877d84259b7b0d1ec2fb6f6/spring-boot-starter-web-2.0.4.RELEASE.jar:/home/tito/.gradle/caches/modules-2/files-2.1/org.springframework.boot/spring-boot-starter-test/2.0.4.RELEASE/8f473705d2742b669f0318f10a956f94a93ba3d2/spring-boot-starter-test-2.0.4.RELEASE.jar:/home/tito/.gradle/caches/modules-2/files-2.1/org.springframework.boot/spring-boot-starter-json/2.0.4.RELEASE/c7afabf0d7c85db178da4ce0634e3bd2ddb0eb71/spring-boot-starter-json-2.0.4.RELEASE.jar:/home/tito/.gradle/caches/modules-2/files-2.1/org.springframework.boot/spring-boot-starter/2.0.4.RELEASE/ec46c63a2adeee40058eff1a6baefca13975dc94/spring-boot-starter-2.0.4.RELEASE.jar:/home/tito/.gradle/caches/modules-2/files-2.1/org.springframework.boot/spring-boot-starter-logging/2.0.4.RELEASE/dcd1a2c431c970f44adae64d9145133979a513ab/spring-boot-starter-logging-2.0.4.RELEASE.jar:/home/tito/.gradle/caches/modules-2/files-2.1/org.mockito/mockito-all/2.0.2-beta/3e24f450275812fb354d29a58b66b8f26e13002f/mockito-all-2.0.2-beta.jar:/home/tito/.gradle/caches/modules-2/files-2.1/org.springframework.boot/spring-boot-actuator-autoconfigure/2.0.4.RELEASE/2cadc1d20a1f9ee667a608cfee154138e954f5f2/spring-boot-actuator-autoconfigure-2.0.4.RELEASE.jar:/home/tito/.gradle/caches/modules-2/files-2.1/io.micrometer/micrometer-core/1.0.6/50299bc8a34c251d62311bbb1a297f3942a82e42/micrometer-core-1.0.6.jar:/home/tito/.gradle/caches/modules-2/files-2.1/org.springframework.boot/spring-boot-starter-tomcat/2.0.4.RELEASE/dcf28989a34b0801fea0e810c371fb9dab1e7784/spring-boot-starter-tomcat-2.0.4.RELEASE.jar:/home/tito/.gradle/caches/modules-2/files-2.1/org.hibernate.validator/hibernate-validator/6.0.11.Final/36f9d10a11e4768f55e8fb91ebe4338a5c43954e/hibernate-validator-6.0.11.Final.jar:/home/tito/.gradle/caches/modules-2/files-2.1/org.springframework/spring-webmvc/5.0.8.RELEASE/7e5fe57590ca8e4468e50fe1d92b0b67aa4a327a/spring-webmvc-5.0.8.RELEASE.jar:/home/tito/.gradle/caches/modules-2/files-2.1/org.springframework/spring-web/5.0.8.RELEASE/fa43cdadb4ab2491fd1d0ddb06c0808e4b60fc85/spring-web-5.0.8.RELEASE.jar:/home/tito/.gradle/caches/modules-2/files-2.1/ch.qos.logback/logback-classic/1.2.3/7c4f3c474fb2c041d8028740440937705ebb473a/logback-classic-1.2.3.jar:/home/tito/.gradle/caches/modules-2/files-2.1/org.apache.logging.log4j/log4j-to-slf4j/2.10.0/f7e631ccf49cfc0aefa4a2a728da7d374c05bd3c/log4j-to-slf4j-2.10.0.jar:/home/tito/.gradle/caches/modules-2/files-2.1/org.slf4j/jul-to-slf4j/1.7.25/af5364cd6679bfffb114f0dec8a157aaa283b76/jul-to-slf4j-1.7.25.jar:/home/tito/.gradle/caches/modules-2/files-2.1/org.springframework.boot/spring-boot-test-autoconfigure/2.0.4.RELEASE/8a2e3f31e607fdb08deda2f59263ce177f1c4310/spring-boot-test-autoconfigure-2.0.4.RELEASE.jar:/home/tito/.gradle/caches/modules-2/files-2.1/org.springframework.boot/spring-boot-test/2.0.4.RELEASE/8a17fc3cf16b6d75f2ba132ade04409a670095de/spring-boot-test-2.0.4.RELEASE.jar:/home/tito/.gradle/caches/modules-2/files-2.1/com.jayway.jsonpath/json-path/2.4.0/765a4401ceb2dc8d40553c2075eb80a8fa35c2ae/json-path-2.4.0.jar:/home/tito/.gradle/caches/modules-2/files-2.1/junit/junit/4.12/2973d150c0dc1fefe998f834810d68f278ea58ec/junit-4.12.jar:/home/tito/.gradle/caches/modules-2/files-2.1/org.assertj/assertj-core/3.9.1/c5ce126b15f28d56cd8f960c1a6a058b9c9aea87/assertj-core-3.9.1.jar:/home/tito/.gradle/caches/modules-2/files-2.1/org.mockito/mockito-core/2.15.0/b84bfbbc29cd22c9529409627af6ea2897f4fa85/mockito-core-2.15.0.jar:/home/tito/.gradle/caches/modules-2/files-2.1/org.hamcrest/hamcrest-library/1.3/4785a3c21320980282f9f33d0d1264a69040538f/hamcrest-library-1.3.jar:/home/tito/.gradle/caches/modules-2/files-2.1/org.hamcrest/hamcrest-core/1.3/42a25dc3219429f0e5d060061f71acb49bf010a0/hamcrest-core-1.3.jar:/home/tito/.gradle/caches/modules-2/files-2.1/org.skyscreamer/jsonassert/1.5.0/6c9d5fe2f59da598d9aefc1cfc6528ff3cf32df3/jsonassert-1.5.0.jar:/home/tito/.gradle/caches/modules-2/files-2.1/org.springframework/spring-test/5.0.8.RELEASE/5782619373bd7e7b7d9106203c317b04bb613ebb/spring-test-5.0.8.RELEASE.jar:/home/tito/.gradle/caches/modules-2/files-2.1/org.springframework.boot/spring-boot-autoconfigure/2.0.4.RELEASE/65cd1244d606acc02ab7bfc47a203a3fe2400dda/spring-boot-autoconfigure-2.0.4.RELEASE.jar:/home/tito/.gradle/caches/modules-2/files-2.1/org.springframework.boot/spring-boot-actuator/2.0.4.RELEASE/9c02c968eb50a7cdc14fc4c7b586d767df6dc48d/spring-boot-actuator-2.0.4.RELEASE.jar:/home/tito/.gradle/caches/modules-2/files-2.1/org.springframework.boot/spring-boot/2.0.4.RELEASE/c8619c5b06d4dcdb4cac1e5e9c839e6e8b1c8574/spring-boot-2.0.4.RELEASE.jar:/home/tito/.gradle/caches/modules-2/files-2.1/org.springframework/spring-context/5.0.8.RELEASE/3a067d8990761111c9b6d1d895640be26cc1fb38/spring-context-5.0.8.RELEASE.jar:/home/tito/.gradle/caches/modules-2/files-2.1/org.springframework/spring-aop/5.0.8.RELEASE/f5086c1a3185c481104511837427b39a07a57aa2/spring-aop-5.0.8.RELEASE.jar:/home/tito/.gradle/caches/modules-2/files-2.1/org.springframework/spring-beans/5.0.8.RELEASE/5fc965d3e7f5515099244857a8ae9e2a208c169b/spring-beans-5.0.8.RELEASE.jar:/home/tito/.gradle/caches/modules-2/files-2.1/org.springframework/spring-expression/5.0.8.RELEASE/f23158f22c917df2cddf2ecebc398a9e95f95fae/spring-expression-5.0.8.RELEASE.jar:/home/tito/.gradle/caches/modules-2/files-2.1/org.springframework/spring-core/5.0.8.RELEASE/dc39c49e3246cdf73d3786ac41119140aed3fa08/spring-core-5.0.8.RELEASE.jar:/home/tito/.gradle/caches/modules-2/files-2.1/org.xmlunit/xmlunit-core/2.5.1/4ffdb346572a7356f7521cd3119ce5287d2e339d/xmlunit-core-2.5.1.jar:/home/tito/.gradle/caches/modules-2/files-2.1/javax.annotation/javax.annotation-api/1.3.2/934c04d3cfef185a8008e7bf34331b79730a9d43/javax.annotation-api-1.3.2.jar:/home/tito/.gradle/caches/modules-2/files-2.1/org.yaml/snakeyaml/1.19/2d998d3d674b172a588e54ab619854d073f555b5/snakeyaml-1.19.jar:/home/tito/.gradle/caches/modules-2/files-2.1/com.fasterxml.jackson.datatype/jackson-datatype-jsr310/2.9.6/ea54f6193d224e5e5732bbd4262327eb465397c2/jackson-datatype-jsr310-2.9.6.jar:/home/tito/.gradle/caches/modules-2/files-2.1/com.fasterxml.jackson.datatype/jackson-datatype-jdk8/2.9.6/456895fc91bf7180b216fead220373e6278230c9/jackson-datatype-jdk8-2.9.6.jar:/home/tito/.gradle/caches/modules-2/files-2.1/com.fasterxml.jackson.module/jackson-module-parameter-names/2.9.6/129acd77a4b6ee30d62d3a0899b1344c8ec2bff8/jackson-module-parameter-names-2.9.6.jar:/home/tito/.gradle/caches/modules-2/files-2.1/com.fasterxml.jackson.core/jackson-databind/2.9.6/cfa4f316351a91bfd95cb0644c6a2c95f52db1fc/jackson-databind-2.9.6.jar:/home/tito/.gradle/caches/modules-2/files-2.1/org.hdrhistogram/HdrHistogram/2.1.10/9e1ac84eed220281841b75e72fb9de5a297fbf04/HdrHistogram-2.1.10.jar:/home/tito/.gradle/caches/modules-2/files-2.1/org.latencyutils/LatencyUtils/2.0.3/769c0b82cb2421c8256300e907298a9410a2a3d3/LatencyUtils-2.0.3.jar:/home/tito/.gradle/caches/modules-2/files-2.1/org.apache.tomcat.embed/tomcat-embed-websocket/8.5.32/ea5302e378f1449d4e5dda79e8d810c1e7931f91/tomcat-embed-websocket-8.5.32.jar:/home/tito/.gradle/caches/modules-2/files-2.1/org.apache.tomcat.embed/tomcat-embed-core/8.5.32/6bc6896200146010cc4666bdc6b9b0cbb453ee22/tomcat-embed-core-8.5.32.jar:/home/tito/.gradle/caches/modules-2/files-2.1/org.apache.tomcat.embed/tomcat-embed-el/8.5.32/e4fd0ee015d83fa1c5ec93ff1d05bdaf9a4480c5/tomcat-embed-el-8.5.32.jar:/home/tito/.gradle/caches/modules-2/files-2.1/javax.validation/validation-api/2.0.1.Final/cb855558e6271b1b32e716d24cb85c7f583ce09e/validation-api-2.0.1.Final.jar:/home/tito/.gradle/caches/modules-2/files-2.1/org.jboss.logging/jboss-logging/3.3.2.Final/3789d00e859632e6c6206adc0c71625559e6e3b0/jboss-logging-3.3.2.Final.jar:/home/tito/.gradle/caches/modules-2/files-2.1/com.fasterxml/classmate/1.3.4/3d5f48f10bbe4eb7bd862f10c0583be2e0053c6/classmate-1.3.4.jar:/home/tito/.gradle/caches/modules-2/files-2.1/ch.qos.logback/logback-core/1.2.3/864344400c3d4d92dfeb0a305dc87d953677c03c/logback-core-1.2.3.jar:/home/tito/.gradle/caches/modules-2/files-2.1/org.slf4j/slf4j-api/1.7.25/da76ca59f6a57ee3102f8f9bd9cee742973efa8a/slf4j-api-1.7.25.jar:/home/tito/.gradle/caches/modules-2/files-2.1/org.apache.logging.log4j/log4j-api/2.10.0/fec5797a55b786184a537abd39c3fa1449d752d6/log4j-api-2.10.0.jar:/home/tito/.gradle/caches/modules-2/files-2.1/net.minidev/json-smart/2.3/7396407491352ce4fa30de92efb158adb76b5b/json-smart-2.3.jar:/home/tito/.gradle/caches/modules-2/files-2.1/net.bytebuddy/byte-buddy/1.7.11/f02857a4e2c66ccbe7aaad6100a0a6c461bce9b3/byte-buddy-1.7.11.jar:/home/tito/.gradle/caches/modules-2/files-2.1/net.bytebuddy/byte-buddy-agent/1.7.11/b425a8933ca07edd03c6dbc8bc3b595fba9780de/byte-buddy-agent-1.7.11.jar:/home/tito/.gradle/caches/modules-2/files-2.1/org.objenesis/objenesis/2.6/639033469776fd37c08358c6b92a4761feb2af4b/objenesis-2.6.jar:/home/tito/.gradle/caches/modules-2/files-2.1/com.vaadin.external.google/android-json/0.0.20131108.vaadin1/fa26d351fe62a6a17f5cda1287c1c6110dec413f/android-json-0.0.20131108.vaadin1.jar:/home/tito/.gradle/caches/modules-2/files-2.1/org.springframework/spring-jcl/5.0.8.RELEASE/a1fa8fb560fb252321776e16bc9ac8201af4ef5e/spring-jcl-5.0.8.RELEASE.jar:/home/tito/.gradle/caches/modules-2/files-2.1/com.fasterxml.jackson.core/jackson-annotations/2.9.0/7c10d545325e3a6e72e06381afe469fd40eb701/jackson-annotations-2.9.0.jar:/home/tito/.gradle/caches/modules-2/files-2.1/com.fasterxml.jackson.core/jackson-core/2.9.6/4e393793c37c77e042ccc7be5a914ae39251b365/jackson-core-2.9.6.jar:/home/tito/.gradle/caches/modules-2/files-2.1/net.minidev/accessors-smart/1.2/c592b500269bfde36096641b01238a8350f8aa31/accessors-smart-1.2.jar:/home/tito/.gradle/caches/modules-2/files-2.1/org.ow2.asm/asm/5.0.4/da08b8cce7bbf903602a25a3a163ae252435795/asm-5.0.4.jar, user.name=tito, java.vm.specification.version=1.8, sun.java.command=worker.org.gradle.process.internal.worker.GradleWorkerMain 'Gradle Test Executor 11', java.home=/usr/local/lib/jdk1.8.0_152/jre, sun.arch.data.model=64, user.language=en, java.specification.vendor=Oracle Corporation, awt.toolkit=sun.awt.X11.XToolkit, java.vm.info=mixed mode, java.version=1.8.0_152, java.ext.dirs=/usr/local/lib/jdk1.8.0_152/jre/lib/ext:/usr/java/packages/lib/ext, sun.boot.class.path=/usr/local/lib/jdk1.8.0_152/jre/lib/resources.jar:/usr/local/lib/jdk1.8.0_152/jre/lib/rt.jar:/usr/local/lib/jdk1.8.0_152/jre/lib/sunrsasign.jar:/usr/local/lib/jdk1.8.0_152/jre/lib/jsse.jar:/usr/local/lib/jdk1.8.0_152/jre/lib/jce.jar:/usr/local/lib/jdk1.8.0_152/jre/lib/charsets.jar:/usr/local/lib/jdk1.8.0_152/jre/lib/jfr.jar:/usr/local/lib/jdk1.8.0_152/jre/classes, java.vendor=Oracle Corporation, org.gradle.test.worker=11, file.separator=/, java.vendor.url.bug=http://bugreport.sun.com/bugreport/, sun.io.unicode.encoding=UnicodeLittle, sun.cpu.endian=little, sun.desktop=gnome, sun.cpu.isalist=}}, SystemEnvironmentPropertySource@1719717613 {name='systemEnvironment', properties={PATH=/home/tito/bin:/home/tito/.local/bin:/usr/local/sbin:/usr/local/bin:/usr/sbin:/usr/bin:/sbin:/bin:/usr/games:/usr/local/games:/snap/bin, XAUTHORITY=/home/tito/.Xauthority, XMODIFIERS=@im=ibus, XDG_DATA_DIRS=/usr/share/ubuntu:/usr/share/gnome:/usr/local/share:/usr/share:/var/lib/snapd/desktop:/var/lib/snapd/desktop, GDMSESSION=ubuntu, MANDATORY_PATH=/usr/share/gconf/ubuntu.mandatory.path, GTK_IM_MODULE=ibus, DBUS_SESSION_BUS_ADDRESS=unix:abstract=/tmp/dbus-uMEWpfNStz, DEFAULTS_PATH=/usr/share/gconf/ubuntu.default.path, XDG_CURRENT_DESKTOP=Unity, DESKTOP_AUTOSTART_ID=102c177f12970d1e53153575616033309500000020770001, LD_LIBRARY_PATH=/usr/local/lib/idea-IC-172.4574.11/bin:, UPSTART_SESSION=unix:abstract=/com/ubuntu/upstart-session/1000/1696, QT4_IM_MODULE=xim, SESSION_MANAGER=local/sirius:@/tmp/.ICE-unix/2077,unix/sirius:/tmp/.ICE-unix/2077, QT_LINUX_ACCESSIBILITY_ALWAYS_ON=1, LOGNAME=tito, JOB=dbus, PWD=/home/tito, IM_CONFIG_PHASE=1, LANGUAGE=en_US, SHELL=/bin/bash, GIO_LAUNCHED_DESKTOP_FILE=/home/tito/.config/autostart/cairo-dock.desktop, INSTANCE=, GTK2_MODULES=overlay-scrollbar, OLDPWD=/usr/local/lib/idea-IC-172.4574.11/bin, GNOME_DESKTOP_SESSION_ID=this-is-deprecated, GTK_MODULES=gail:atk-bridge:unity-gtk-module, CLUTTER_IM_MODULE=xim, XDG_SESSION_PATH=/org/freedesktop/DisplayManager/Session0, SESSIONTYPE=gnome-session, XDG_SESSION_DESKTOP=ubuntu, SHLVL=0, COMPIZ_CONFIG_PROFILE=ubuntu, QT_IM_MODULE=ibus, XDG_CONFIG_DIRS=/etc/xdg/xdg-ubuntu:/usr/share/upstart/xdg:/etc/xdg, GNOME_KEYRING_CONTROL=, LANG=en_US.UTF-8, XDG_SEAT_PATH=/org/freedesktop/DisplayManager/Seat0, XDG_SESSION_ID=c2, XDG_SESSION_TYPE=x11, DISPLAY=:0, GDM_LANG=en_US, XDG_GREETER_DATA_DIR=/var/lib/lightdm-data/tito, GPG_AGENT_INFO=/home/tito/.gnupg/S.gpg-agent:0:1, DESKTOP_SESSION=ubuntu, SESSION=ubuntu, USER=tito, DESKTOP_STARTUP_ID=gldi-idea-1, XDG_MENU_PREFIX=gnome-, GIO_LAUNCHED_DESKTOP_FILE_PID=2281, QT_ACCESSIBILITY=1, SSH_AUTH_SOCK=/run/user/1000/keyring/ssh, XDG_SEAT=seat0, QT_QPA_PLATFORMTHEME=appmenu-qt5, XDG_VTNR=7, XDG_RUNTIME_DIR=/run/user/1000, HOME=/home/tito, GNOME_KEYRING_PID=}}]
07:18:15.976 [Test worker] DEBUG org.springframework.core.io.support.PathMatchingResourcePatternResolver - Resolved classpath location [com/vakyam/spring/example/] to resources [URL [file:/home/tito/git/requestsplitter/build/classes/java/test/com/vakyam/spring/example/], URL [file:/home/tito/git/requestsplitter/build/classes/java/main/com/vakyam/spring/example/]]
07:18:15.977 [Test worker] DEBUG org.springframework.core.io.support.PathMatchingResourcePatternResolver - Looking for matching resources in directory tree [/home/tito/git/requestsplitter/build/classes/java/test/com/vakyam/spring/example]
07:18:15.978 [Test worker] DEBUG org.springframework.core.io.support.PathMatchingResourcePatternResolver - Searching directory [/home/tito/git/requestsplitter/build/classes/java/test/com/vakyam/spring/example] for files matching pattern [/home/tito/git/requestsplitter/build/classes/java/test/com/vakyam/spring/example/*.class]
07:18:15.982 [Test worker] DEBUG org.springframework.core.io.support.PathMatchingResourcePatternResolver - Looking for matching resources in directory tree [/home/tito/git/requestsplitter/build/classes/java/main/com/vakyam/spring/example]
07:18:15.983 [Test worker] DEBUG org.springframework.core.io.support.PathMatchingResourcePatternResolver - Searching directory [/home/tito/git/requestsplitter/build/classes/java/main/com/vakyam/spring/example] for files matching pattern [/home/tito/git/requestsplitter/build/classes/java/main/com/vakyam/spring/example/*.class]
07:18:15.984 [Test worker] DEBUG org.springframework.core.io.support.PathMatchingResourcePatternResolver - Resolved location pattern [classpath*:com/vakyam/spring/example/*.class] to resources [file [/home/tito/git/requestsplitter/build/classes/java/test/com/vakyam/spring/example/RequestSplitterApplicationTests.class], file [/home/tito/git/requestsplitter/build/classes/java/main/com/vakyam/spring/example/Controller.class], file [/home/tito/git/requestsplitter/build/classes/java/main/com/vakyam/spring/example/RemoteServiceProxyImpl.class], file [/home/tito/git/requestsplitter/build/classes/java/main/com/vakyam/spring/example/RequestSplitterApplication.class]]
07:18:16.105 [Test worker] DEBUG org.springframework.context.annotation.ClassPathScanningCandidateComponentProvider - Identified candidate component class: file [/home/tito/git/requestsplitter/build/classes/java/main/com/vakyam/spring/example/RequestSplitterApplication.class]
07:18:16.108 [Test worker] INFO org.springframework.boot.test.context.SpringBootTestContextBootstrapper - Found @SpringBootConfiguration com.vakyam.spring.example.RequestSplitterApplication for test class com.vakyam.spring.example.RequestSplitterApplicationTests
07:18:16.351 [Test worker] DEBUG org.springframework.boot.test.context.SpringBootTestContextBootstrapper - @TestExecutionListeners is not present for class [com.vakyam.spring.example.RequestSplitterApplicationTests]: using defaults.
07:18:16.353 [Test worker] INFO org.springframework.boot.test.context.SpringBootTestContextBootstrapper - Loaded default TestExecutionListener class names from location [META-INF/spring.factories]: [org.springframework.boot.test.autoconfigure.restdocs.RestDocsTestExecutionListener, org.springframework.boot.test.autoconfigure.web.client.MockRestServiceServerResetTestExecutionListener, org.springframework.boot.test.autoconfigure.web.servlet.MockMvcPrintOnlyOnFailureTestExecutionListener, org.springframework.boot.test.autoconfigure.web.servlet.WebDriverTestExecutionListener, org.springframework.boot.test.mock.mockito.MockitoTestExecutionListener, org.springframework.boot.test.mock.mockito.ResetMocksTestExecutionListener, org.springframework.test.context.web.ServletTestExecutionListener, org.springframework.test.context.support.DirtiesContextBeforeModesTestExecutionListener, org.springframework.test.context.support.DependencyInjectionTestExecutionListener, org.springframework.test.context.support.DirtiesContextTestExecutionListener, org.springframework.test.context.transaction.TransactionalTestExecutionListener, org.springframework.test.context.jdbc.SqlScriptsTestExecutionListener]
07:18:16.380 [Test worker] DEBUG org.springframework.boot.test.context.SpringBootTestContextBootstrapper - Skipping candidate TestExecutionListener [org.springframework.test.context.transaction.TransactionalTestExecutionListener] due to a missing dependency. Specify custom listener classes or make the default listener classes and their required dependencies available. Offending class: [org/springframework/transaction/TransactionDefinition]
07:18:16.381 [Test worker] DEBUG org.springframework.boot.test.context.SpringBootTestContextBootstrapper - Skipping candidate TestExecutionListener [org.springframework.test.context.jdbc.SqlScriptsTestExecutionListener] due to a missing dependency. Specify custom listener classes or make the default listener classes and their required dependencies available. Offending class: [org/springframework/transaction/interceptor/TransactionAttribute]
07:18:16.382 [Test worker] INFO org.springframework.boot.test.context.SpringBootTestContextBootstrapper - Using TestExecutionListeners: [org.springframework.test.context.web.ServletTestExecutionListener@263f3651, org.springframework.test.context.support.DirtiesContextBeforeModesTestExecutionListener@6fad6373, org.springframework.boot.test.mock.mockito.MockitoTestExecutionListener@32d2eb90, org.springframework.boot.test.autoconfigure.SpringBootDependencyInjectionTestExecutionListener@384531e2, org.springframework.test.context.support.DirtiesContextTestExecutionListener@67171505, org.springframework.boot.test.autoconfigure.restdocs.RestDocsTestExecutionListener@6325546f, org.springframework.boot.test.autoconfigure.web.client.MockRestServiceServerResetTestExecutionListener@460eadf0, org.springframework.boot.test.autoconfigure.web.servlet.MockMvcPrintOnlyOnFailureTestExecutionListener@57554ef2, org.springframework.boot.test.autoconfigure.web.servlet.WebDriverTestExecutionListener@835d620, org.springframework.boot.test.mock.mockito.ResetMocksTestExecutionListener@417a7d65]
07:18:16.391 [Test worker] DEBUG org.springframework.test.annotation.ProfileValueUtils - Retrieved @ProfileValueSourceConfiguration [null] for test class [com.vakyam.spring.example.RequestSplitterApplicationTests]
07:18:16.392 [Test worker] DEBUG org.springframework.test.annotation.ProfileValueUtils - Retrieved ProfileValueSource type [class org.springframework.test.annotation.SystemProfileValueSource] for class [com.vakyam.spring.example.RequestSplitterApplicationTests]
07:18:16.394 [Test worker] DEBUG org.springframework.test.annotation.ProfileValueUtils - Retrieved @ProfileValueSourceConfiguration [null] for test class [com.vakyam.spring.example.RequestSplitterApplicationTests]
07:18:16.395 [Test worker] DEBUG org.springframework.test.annotation.ProfileValueUtils - Retrieved ProfileValueSource type [class org.springframework.test.annotation.SystemProfileValueSource] for class [com.vakyam.spring.example.RequestSplitterApplicationTests]
07:18:16.406 [Test worker] DEBUG org.springframework.test.context.support.AbstractDirtiesContextTestExecutionListener - Before test class: context [DefaultTestContext@3f643 testClass = RequestSplitterApplicationTests, testInstance = [null], testMethod = [null], testException = [null], mergedContextConfiguration = [WebMergedContextConfiguration@56c7d99a testClass = RequestSplitterApplicationTests, locations = '{}', classes = '{class com.vakyam.spring.example.RequestSplitterApplication}', contextInitializerClasses = '[]', activeProfiles = '{}', propertySourceLocations = '{}', propertySourceProperties = '{org.springframework.boot.test.context.SpringBootTestContextBootstrapper=true}', contextCustomizers = set[org.springframework.boot.test.autoconfigure.properties.PropertyMappingContextCustomizer@0, org.springframework.boot.test.autoconfigure.web.servlet.WebDriverContextCustomizerFactory$Customizer@89c8b69, org.springframework.boot.test.context.filter.ExcludeFilterContextCustomizer@422f8eeb, org.springframework.boot.test.json.DuplicateJsonObjectContextCustomizerFactory$DuplicateJsonObjectContextCustomizer@33e2098b, org.springframework.boot.test.mock.mockito.MockitoContextCustomizer@0, org.springframework.boot.test.web.client.TestRestTemplateContextCustomizer@7d4bf05c], resourceBasePath = 'src/main/webapp', contextLoader = 'org.springframework.boot.test.context.SpringBootContextLoader', parent = [null]], attributes = map['org.springframework.test.context.web.ServletTestExecutionListener.activateListener' -> true]], class annotated with @DirtiesContext [false] with mode [null].
07:18:16.410 [Test worker] DEBUG org.springframework.test.annotation.ProfileValueUtils - Retrieved @ProfileValueSourceConfiguration [null] for test class [com.vakyam.spring.example.RequestSplitterApplicationTests]
07:18:16.410 [Test worker] DEBUG org.springframework.test.annotation.ProfileValueUtils - Retrieved ProfileValueSource type [class org.springframework.test.annotation.SystemProfileValueSource] for class [com.vakyam.spring.example.RequestSplitterApplicationTests]
07:18:16.476 [Test worker] DEBUG org.springframework.core.env.StandardEnvironment - Adding PropertySource 'systemProperties' with lowest search precedence
07:18:16.476 [Test worker] DEBUG org.springframework.core.env.StandardEnvironment - Adding PropertySource 'systemEnvironment' with lowest search precedence
07:18:16.477 [Test worker] DEBUG org.springframework.core.env.StandardEnvironment - Initialized StandardEnvironment with PropertySources [MapPropertySource@176262392 {name='systemProperties', properties={java.runtime.name=Java(TM) SE Runtime Environment, sun.boot.library.path=/usr/local/lib/jdk1.8.0_152/jre/lib/amd64, java.vm.version=25.152-b16, java.vm.vendor=Oracle Corporation, java.vendor.url=http://java.oracle.com/, path.separator=:, java.vm.name=Java HotSpot(TM) 64-Bit Server VM, file.encoding.pkg=sun.io, sun.java.launcher=SUN_STANDARD, user.country=US, sun.os.patch.level=unknown, java.vm.specification.name=Java Virtual Machine Specification, user.dir=/home/tito/git/requestsplitter, java.runtime.version=1.8.0_152-b16, java.awt.graphicsenv=sun.awt.X11GraphicsEnvironment, java.endorsed.dirs=/usr/local/lib/jdk1.8.0_152/jre/lib/endorsed, os.arch=amd64, java.io.tmpdir=/tmp, line.separator=
, java.vm.specification.vendor=Oracle Corporation, user.variant=, os.name=Linux, sun.jnu.encoding=UTF-8, java.library.path=/usr/local/lib/idea-IC-172.4574.11/bin::/usr/java/packages/lib/amd64:/usr/lib64:/lib64:/lib:/usr/lib, java.specification.name=Java Platform API Specification, java.class.version=52.0, org.gradle.native=false, sun.management.compiler=HotSpot 64-Bit Tiered Compilers, os.version=4.4.0-124-generic, user.home=/home/tito, user.timezone=America/Denver, java.awt.printerjob=sun.print.PSPrinterJob, file.encoding=UTF-8, java.specification.version=1.8, java.class.path=/home/tito/git/requestsplitter/build/classes/java/test:/home/tito/git/requestsplitter/build/resources/test:/home/tito/git/requestsplitter/build/classes/java/main:/home/tito/git/requestsplitter/build/resources/main:/home/tito/.gradle/caches/modules-2/files-2.1/org.springframework.boot/spring-boot-starter-actuator/2.0.4.RELEASE/24e901473279d9c18e0a0f8037d58b18c8297dca/spring-boot-starter-actuator-2.0.4.RELEASE.jar:/home/tito/.gradle/caches/modules-2/files-2.1/org.springframework.boot/spring-boot-starter-web/2.0.4.RELEASE/98d49e981ecf804da877d84259b7b0d1ec2fb6f6/spring-boot-starter-web-2.0.4.RELEASE.jar:/home/tito/.gradle/caches/modules-2/files-2.1/org.springframework.boot/spring-boot-starter-test/2.0.4.RELEASE/8f473705d2742b669f0318f10a956f94a93ba3d2/spring-boot-starter-test-2.0.4.RELEASE.jar:/home/tito/.gradle/caches/modules-2/files-2.1/org.springframework.boot/spring-boot-starter-json/2.0.4.RELEASE/c7afabf0d7c85db178da4ce0634e3bd2ddb0eb71/spring-boot-starter-json-2.0.4.RELEASE.jar:/home/tito/.gradle/caches/modules-2/files-2.1/org.springframework.boot/spring-boot-starter/2.0.4.RELEASE/ec46c63a2adeee40058eff1a6baefca13975dc94/spring-boot-starter-2.0.4.RELEASE.jar:/home/tito/.gradle/caches/modules-2/files-2.1/org.springframework.boot/spring-boot-starter-logging/2.0.4.RELEASE/dcd1a2c431c970f44adae64d9145133979a513ab/spring-boot-starter-logging-2.0.4.RELEASE.jar:/home/tito/.gradle/caches/modules-2/files-2.1/org.mockito/mockito-all/2.0.2-beta/3e24f450275812fb354d29a58b66b8f26e13002f/mockito-all-2.0.2-beta.jar:/home/tito/.gradle/caches/modules-2/files-2.1/org.springframework.boot/spring-boot-actuator-autoconfigure/2.0.4.RELEASE/2cadc1d20a1f9ee667a608cfee154138e954f5f2/spring-boot-actuator-autoconfigure-2.0.4.RELEASE.jar:/home/tito/.gradle/caches/modules-2/files-2.1/io.micrometer/micrometer-core/1.0.6/50299bc8a34c251d62311bbb1a297f3942a82e42/micrometer-core-1.0.6.jar:/home/tito/.gradle/caches/modules-2/files-2.1/org.springframework.boot/spring-boot-starter-tomcat/2.0.4.RELEASE/dcf28989a34b0801fea0e810c371fb9dab1e7784/spring-boot-starter-tomcat-2.0.4.RELEASE.jar:/home/tito/.gradle/caches/modules-2/files-2.1/org.hibernate.validator/hibernate-validator/6.0.11.Final/36f9d10a11e4768f55e8fb91ebe4338a5c43954e/hibernate-validator-6.0.11.Final.jar:/home/tito/.gradle/caches/modules-2/files-2.1/org.springframework/spring-webmvc/5.0.8.RELEASE/7e5fe57590ca8e4468e50fe1d92b0b67aa4a327a/spring-webmvc-5.0.8.RELEASE.jar:/home/tito/.gradle/caches/modules-2/files-2.1/org.springframework/spring-web/5.0.8.RELEASE/fa43cdadb4ab2491fd1d0ddb06c0808e4b60fc85/spring-web-5.0.8.RELEASE.jar:/home/tito/.gradle/caches/modules-2/files-2.1/ch.qos.logback/logback-classic/1.2.3/7c4f3c474fb2c041d8028740440937705ebb473a/logback-classic-1.2.3.jar:/home/tito/.gradle/caches/modules-2/files-2.1/org.apache.logging.log4j/log4j-to-slf4j/2.10.0/f7e631ccf49cfc0aefa4a2a728da7d374c05bd3c/log4j-to-slf4j-2.10.0.jar:/home/tito/.gradle/caches/modules-2/files-2.1/org.slf4j/jul-to-slf4j/1.7.25/af5364cd6679bfffb114f0dec8a157aaa283b76/jul-to-slf4j-1.7.25.jar:/home/tito/.gradle/caches/modules-2/files-2.1/org.springframework.boot/spring-boot-test-autoconfigure/2.0.4.RELEASE/8a2e3f31e607fdb08deda2f59263ce177f1c4310/spring-boot-test-autoconfigure-2.0.4.RELEASE.jar:/home/tito/.gradle/caches/modules-2/files-2.1/org.springframework.boot/spring-boot-test/2.0.4.RELEASE/8a17fc3cf16b6d75f2ba132ade04409a670095de/spring-boot-test-2.0.4.RELEASE.jar:/home/tito/.gradle/caches/modules-2/files-2.1/com.jayway.jsonpath/json-path/2.4.0/765a4401ceb2dc8d40553c2075eb80a8fa35c2ae/json-path-2.4.0.jar:/home/tito/.gradle/caches/modules-2/files-2.1/junit/junit/4.12/2973d150c0dc1fefe998f834810d68f278ea58ec/junit-4.12.jar:/home/tito/.gradle/caches/modules-2/files-2.1/org.assertj/assertj-core/3.9.1/c5ce126b15f28d56cd8f960c1a6a058b9c9aea87/assertj-core-3.9.1.jar:/home/tito/.gradle/caches/modules-2/files-2.1/org.mockito/mockito-core/2.15.0/b84bfbbc29cd22c9529409627af6ea2897f4fa85/mockito-core-2.15.0.jar:/home/tito/.gradle/caches/modules-2/files-2.1/org.hamcrest/hamcrest-library/1.3/4785a3c21320980282f9f33d0d1264a69040538f/hamcrest-library-1.3.jar:/home/tito/.gradle/caches/modules-2/files-2.1/org.hamcrest/hamcrest-core/1.3/42a25dc3219429f0e5d060061f71acb49bf010a0/hamcrest-core-1.3.jar:/home/tito/.gradle/caches/modules-2/files-2.1/org.skyscreamer/jsonassert/1.5.0/6c9d5fe2f59da598d9aefc1cfc6528ff3cf32df3/jsonassert-1.5.0.jar:/home/tito/.gradle/caches/modules-2/files-2.1/org.springframework/spring-test/5.0.8.RELEASE/5782619373bd7e7b7d9106203c317b04bb613ebb/spring-test-5.0.8.RELEASE.jar:/home/tito/.gradle/caches/modules-2/files-2.1/org.springframework.boot/spring-boot-autoconfigure/2.0.4.RELEASE/65cd1244d606acc02ab7bfc47a203a3fe2400dda/spring-boot-autoconfigure-2.0.4.RELEASE.jar:/home/tito/.gradle/caches/modules-2/files-2.1/org.springframework.boot/spring-boot-actuator/2.0.4.RELEASE/9c02c968eb50a7cdc14fc4c7b586d767df6dc48d/spring-boot-actuator-2.0.4.RELEASE.jar:/home/tito/.gradle/caches/modules-2/files-2.1/org.springframework.boot/spring-boot/2.0.4.RELEASE/c8619c5b06d4dcdb4cac1e5e9c839e6e8b1c8574/spring-boot-2.0.4.RELEASE.jar:/home/tito/.gradle/caches/modules-2/files-2.1/org.springframework/spring-context/5.0.8.RELEASE/3a067d8990761111c9b6d1d895640be26cc1fb38/spring-context-5.0.8.RELEASE.jar:/home/tito/.gradle/caches/modules-2/files-2.1/org.springframework/spring-aop/5.0.8.RELEASE/f5086c1a3185c481104511837427b39a07a57aa2/spring-aop-5.0.8.RELEASE.jar:/home/tito/.gradle/caches/modules-2/files-2.1/org.springframework/spring-beans/5.0.8.RELEASE/5fc965d3e7f5515099244857a8ae9e2a208c169b/spring-beans-5.0.8.RELEASE.jar:/home/tito/.gradle/caches/modules-2/files-2.1/org.springframework/spring-expression/5.0.8.RELEASE/f23158f22c917df2cddf2ecebc398a9e95f95fae/spring-expression-5.0.8.RELEASE.jar:/home/tito/.gradle/caches/modules-2/files-2.1/org.springframework/spring-core/5.0.8.RELEASE/dc39c49e3246cdf73d3786ac41119140aed3fa08/spring-core-5.0.8.RELEASE.jar:/home/tito/.gradle/caches/modules-2/files-2.1/org.xmlunit/xmlunit-core/2.5.1/4ffdb346572a7356f7521cd3119ce5287d2e339d/xmlunit-core-2.5.1.jar:/home/tito/.gradle/caches/modules-2/files-2.1/javax.annotation/javax.annotation-api/1.3.2/934c04d3cfef185a8008e7bf34331b79730a9d43/javax.annotation-api-1.3.2.jar:/home/tito/.gradle/caches/modules-2/files-2.1/org.yaml/snakeyaml/1.19/2d998d3d674b172a588e54ab619854d073f555b5/snakeyaml-1.19.jar:/home/tito/.gradle/caches/modules-2/files-2.1/com.fasterxml.jackson.datatype/jackson-datatype-jsr310/2.9.6/ea54f6193d224e5e5732bbd4262327eb465397c2/jackson-datatype-jsr310-2.9.6.jar:/home/tito/.gradle/caches/modules-2/files-2.1/com.fasterxml.jackson.datatype/jackson-datatype-jdk8/2.9.6/456895fc91bf7180b216fead220373e6278230c9/jackson-datatype-jdk8-2.9.6.jar:/home/tito/.gradle/caches/modules-2/files-2.1/com.fasterxml.jackson.module/jackson-module-parameter-names/2.9.6/129acd77a4b6ee30d62d3a0899b1344c8ec2bff8/jackson-module-parameter-names-2.9.6.jar:/home/tito/.gradle/caches/modules-2/files-2.1/com.fasterxml.jackson.core/jackson-databind/2.9.6/cfa4f316351a91bfd95cb0644c6a2c95f52db1fc/jackson-databind-2.9.6.jar:/home/tito/.gradle/caches/modules-2/files-2.1/org.hdrhistogram/HdrHistogram/2.1.10/9e1ac84eed220281841b75e72fb9de5a297fbf04/HdrHistogram-2.1.10.jar:/home/tito/.gradle/caches/modules-2/files-2.1/org.latencyutils/LatencyUtils/2.0.3/769c0b82cb2421c8256300e907298a9410a2a3d3/LatencyUtils-2.0.3.jar:/home/tito/.gradle/caches/modules-2/files-2.1/org.apache.tomcat.embed/tomcat-embed-websocket/8.5.32/ea5302e378f1449d4e5dda79e8d810c1e7931f91/tomcat-embed-websocket-8.5.32.jar:/home/tito/.gradle/caches/modules-2/files-2.1/org.apache.tomcat.embed/tomcat-embed-core/8.5.32/6bc6896200146010cc4666bdc6b9b0cbb453ee22/tomcat-embed-core-8.5.32.jar:/home/tito/.gradle/caches/modules-2/files-2.1/org.apache.tomcat.embed/tomcat-embed-el/8.5.32/e4fd0ee015d83fa1c5ec93ff1d05bdaf9a4480c5/tomcat-embed-el-8.5.32.jar:/home/tito/.gradle/caches/modules-2/files-2.1/javax.validation/validation-api/2.0.1.Final/cb855558e6271b1b32e716d24cb85c7f583ce09e/validation-api-2.0.1.Final.jar:/home/tito/.gradle/caches/modules-2/files-2.1/org.jboss.logging/jboss-logging/3.3.2.Final/3789d00e859632e6c6206adc0c71625559e6e3b0/jboss-logging-3.3.2.Final.jar:/home/tito/.gradle/caches/modules-2/files-2.1/com.fasterxml/classmate/1.3.4/3d5f48f10bbe4eb7bd862f10c0583be2e0053c6/classmate-1.3.4.jar:/home/tito/.gradle/caches/modules-2/files-2.1/ch.qos.logback/logback-core/1.2.3/864344400c3d4d92dfeb0a305dc87d953677c03c/logback-core-1.2.3.jar:/home/tito/.gradle/caches/modules-2/files-2.1/org.slf4j/slf4j-api/1.7.25/da76ca59f6a57ee3102f8f9bd9cee742973efa8a/slf4j-api-1.7.25.jar:/home/tito/.gradle/caches/modules-2/files-2.1/org.apache.logging.log4j/log4j-api/2.10.0/fec5797a55b786184a537abd39c3fa1449d752d6/log4j-api-2.10.0.jar:/home/tito/.gradle/caches/modules-2/files-2.1/net.minidev/json-smart/2.3/7396407491352ce4fa30de92efb158adb76b5b/json-smart-2.3.jar:/home/tito/.gradle/caches/modules-2/files-2.1/net.bytebuddy/byte-buddy/1.7.11/f02857a4e2c66ccbe7aaad6100a0a6c461bce9b3/byte-buddy-1.7.11.jar:/home/tito/.gradle/caches/modules-2/files-2.1/net.bytebuddy/byte-buddy-agent/1.7.11/b425a8933ca07edd03c6dbc8bc3b595fba9780de/byte-buddy-agent-1.7.11.jar:/home/tito/.gradle/caches/modules-2/files-2.1/org.objenesis/objenesis/2.6/639033469776fd37c08358c6b92a4761feb2af4b/objenesis-2.6.jar:/home/tito/.gradle/caches/modules-2/files-2.1/com.vaadin.external.google/android-json/0.0.20131108.vaadin1/fa26d351fe62a6a17f5cda1287c1c6110dec413f/android-json-0.0.20131108.vaadin1.jar:/home/tito/.gradle/caches/modules-2/files-2.1/org.springframework/spring-jcl/5.0.8.RELEASE/a1fa8fb560fb252321776e16bc9ac8201af4ef5e/spring-jcl-5.0.8.RELEASE.jar:/home/tito/.gradle/caches/modules-2/files-2.1/com.fasterxml.jackson.core/jackson-annotations/2.9.0/7c10d545325e3a6e72e06381afe469fd40eb701/jackson-annotations-2.9.0.jar:/home/tito/.gradle/caches/modules-2/files-2.1/com.fasterxml.jackson.core/jackson-core/2.9.6/4e393793c37c77e042ccc7be5a914ae39251b365/jackson-core-2.9.6.jar:/home/tito/.gradle/caches/modules-2/files-2.1/net.minidev/accessors-smart/1.2/c592b500269bfde36096641b01238a8350f8aa31/accessors-smart-1.2.jar:/home/tito/.gradle/caches/modules-2/files-2.1/org.ow2.asm/asm/5.0.4/da08b8cce7bbf903602a25a3a163ae252435795/asm-5.0.4.jar, user.name=tito, java.vm.specification.version=1.8, sun.java.command=worker.org.gradle.process.internal.worker.GradleWorkerMain 'Gradle Test Executor 11', java.home=/usr/local/lib/jdk1.8.0_152/jre, sun.arch.data.model=64, user.language=en, java.specification.vendor=Oracle Corporation, awt.toolkit=sun.awt.X11.XToolkit, java.vm.info=mixed mode, java.version=1.8.0_152, java.ext.dirs=/usr/local/lib/jdk1.8.0_152/jre/lib/ext:/usr/java/packages/lib/ext, sun.boot.class.path=/usr/local/lib/jdk1.8.0_152/jre/lib/resources.jar:/usr/local/lib/jdk1.8.0_152/jre/lib/rt.jar:/usr/local/lib/jdk1.8.0_152/jre/lib/sunrsasign.jar:/usr/local/lib/jdk1.8.0_152/jre/lib/jsse.jar:/usr/local/lib/jdk1.8.0_152/jre/lib/jce.jar:/usr/local/lib/jdk1.8.0_152/jre/lib/charsets.jar:/usr/local/lib/jdk1.8.0_152/jre/lib/jfr.jar:/usr/local/lib/jdk1.8.0_152/jre/classes, java.vendor=Oracle Corporation, org.gradle.test.worker=11, file.separator=/, java.vendor.url.bug=http://bugreport.sun.com/bugreport/, sun.io.unicode.encoding=UnicodeLittle, sun.cpu.endian=little, sun.desktop=gnome, sun.cpu.isalist=}}, SystemEnvironmentPropertySource@729277487 {name='systemEnvironment', properties={PATH=/home/tito/bin:/home/tito/.local/bin:/usr/local/sbin:/usr/local/bin:/usr/sbin:/usr/bin:/sbin:/bin:/usr/games:/usr/local/games:/snap/bin, XAUTHORITY=/home/tito/.Xauthority, XMODIFIERS=@im=ibus, XDG_DATA_DIRS=/usr/share/ubuntu:/usr/share/gnome:/usr/local/share:/usr/share:/var/lib/snapd/desktop:/var/lib/snapd/desktop, GDMSESSION=ubuntu, MANDATORY_PATH=/usr/share/gconf/ubuntu.mandatory.path, GTK_IM_MODULE=ibus, DBUS_SESSION_BUS_ADDRESS=unix:abstract=/tmp/dbus-uMEWpfNStz, DEFAULTS_PATH=/usr/share/gconf/ubuntu.default.path, XDG_CURRENT_DESKTOP=Unity, DESKTOP_AUTOSTART_ID=102c177f12970d1e53153575616033309500000020770001, LD_LIBRARY_PATH=/usr/local/lib/idea-IC-172.4574.11/bin:, UPSTART_SESSION=unix:abstract=/com/ubuntu/upstart-session/1000/1696, QT4_IM_MODULE=xim, SESSION_MANAGER=local/sirius:@/tmp/.ICE-unix/2077,unix/sirius:/tmp/.ICE-unix/2077, QT_LINUX_ACCESSIBILITY_ALWAYS_ON=1, LOGNAME=tito, JOB=dbus, PWD=/home/tito, IM_CONFIG_PHASE=1, LANGUAGE=en_US, SHELL=/bin/bash, GIO_LAUNCHED_DESKTOP_FILE=/home/tito/.config/autostart/cairo-dock.desktop, INSTANCE=, GTK2_MODULES=overlay-scrollbar, OLDPWD=/usr/local/lib/idea-IC-172.4574.11/bin, GNOME_DESKTOP_SESSION_ID=this-is-deprecated, GTK_MODULES=gail:atk-bridge:unity-gtk-module, CLUTTER_IM_MODULE=xim, XDG_SESSION_PATH=/org/freedesktop/DisplayManager/Session0, SESSIONTYPE=gnome-session, XDG_SESSION_DESKTOP=ubuntu, SHLVL=0, COMPIZ_CONFIG_PROFILE=ubuntu, QT_IM_MODULE=ibus, XDG_CONFIG_DIRS=/etc/xdg/xdg-ubuntu:/usr/share/upstart/xdg:/etc/xdg, GNOME_KEYRING_CONTROL=, LANG=en_US.UTF-8, XDG_SEAT_PATH=/org/freedesktop/DisplayManager/Seat0, XDG_SESSION_ID=c2, XDG_SESSION_TYPE=x11, DISPLAY=:0, GDM_LANG=en_US, XDG_GREETER_DATA_DIR=/var/lib/lightdm-data/tito, GPG_AGENT_INFO=/home/tito/.gnupg/S.gpg-agent:0:1, DESKTOP_SESSION=ubuntu, SESSION=ubuntu, USER=tito, DESKTOP_STARTUP_ID=gldi-idea-1, XDG_MENU_PREFIX=gnome-, GIO_LAUNCHED_DESKTOP_FILE_PID=2281, QT_ACCESSIBILITY=1, SSH_AUTH_SOCK=/run/user/1000/keyring/ssh, XDG_SEAT=seat0, QT_QPA_PLATFORMTHEME=appmenu-qt5, XDG_VTNR=7, XDG_RUNTIME_DIR=/run/user/1000, HOME=/home/tito, GNOME_KEYRING_PID=}}]
07:18:16.481 [Test worker] DEBUG org.springframework.test.context.support.TestPropertySourceUtils - Adding inlined properties to environment: {spring.jmx.enabled=false, org.springframework.boot.test.context.SpringBootTestContextBootstrapper=true, server.port=-1}
07:18:16.481 [Test worker] DEBUG org.springframework.core.env.StandardEnvironment - Adding PropertySource 'Inlined Test Properties' with highest search precedence

  .   ____          _            __ _ _
 /\\ / ___'_ __ _ _(_)_ __  __ _ \ \ \ \
( ( )\___ | '_ | '_| | '_ \/ _` | \ \ \ \
 \\/  ___)| |_)| | | | | || (_| |  ) ) ) )
  '  |____| .__|_| |_|_| |_\__, | / / / /
 =========|_|==============|___/=/_/_/_/
 :: Spring Boot ::        (v2.0.4.RELEASE)

2018-09-04 07:18:17.116  INFO 4560 --- [    Test worker] c.v.s.e.RequestSplitterApplicationTests  : Starting RequestSplitterApplicationTests on sirius with PID 4560 (started by tito in /home/tito/git/requestsplitter)
2018-09-04 07:18:17.119 DEBUG 4560 --- [    Test worker] c.v.s.e.RequestSplitterApplicationTests  : Running with Spring Boot v2.0.4.RELEASE, Spring v5.0.8.RELEASE
2018-09-04 07:18:17.123  INFO 4560 --- [    Test worker] c.v.s.e.RequestSplitterApplicationTests  : No active profile set, falling back to default profiles: default
2018-09-04 07:18:17.201  INFO 4560 --- [    Test worker] o.s.w.c.s.GenericWebApplicationContext   : Refreshing org.springframework.web.context.support.GenericWebApplicationContext@711da930: startup date [Tue Sep 04 07:18:17 MDT 2018]; root of context hierarchy
2018-09-04 07:18:19.569  INFO 4560 --- [    Test worker] o.s.s.concurrent.ThreadPoolTaskExecutor  : Initializing ExecutorService 
2018-09-04 07:18:19.577  INFO 4560 --- [    Test worker] o.s.s.concurrent.ThreadPoolTaskExecutor  : Initializing ExecutorService  'asyncExecutor'
2018-09-04 07:18:19.987  INFO 4560 --- [    Test worker] o.s.w.s.handler.SimpleUrlHandlerMapping  : Mapped URL path [/**/favicon.ico] onto handler of type [class org.springframework.web.servlet.resource.ResourceHttpRequestHandler]
2018-09-04 07:18:20.217  INFO 4560 --- [    Test worker] s.w.s.m.m.a.RequestMappingHandlerAdapter : Looking for @ControllerAdvice: org.springframework.web.context.support.GenericWebApplicationContext@711da930: startup date [Tue Sep 04 07:18:17 MDT 2018]; root of context hierarchy
2018-09-04 07:18:20.345  INFO 4560 --- [    Test worker] s.w.s.m.m.a.RequestMappingHandlerMapping : Mapped "{[/update]}" onto public com.vakyam.spring.example.vo.ResponseVO com.vakyam.spring.example.Controller.update(com.vakyam.spring.example.vo.ResponseVO)
2018-09-04 07:18:20.346  INFO 4560 --- [    Test worker] s.w.s.m.m.a.RequestMappingHandlerMapping : Mapped "{[/read]}" onto public com.vakyam.spring.example.vo.ResponseVO com.vakyam.spring.example.Controller.read(java.lang.String)
2018-09-04 07:18:20.350  INFO 4560 --- [    Test worker] s.w.s.m.m.a.RequestMappingHandlerMapping : Mapped "{[/error],produces=[text/html]}" onto public org.springframework.web.servlet.ModelAndView org.springframework.boot.autoconfigure.web.servlet.error.BasicErrorController.errorHtml(javax.servlet.http.HttpServletRequest,javax.servlet.http.HttpServletResponse)
2018-09-04 07:18:20.350  INFO 4560 --- [    Test worker] s.w.s.m.m.a.RequestMappingHandlerMapping : Mapped "{[/error]}" onto public org.springframework.http.ResponseEntity<java.util.Map<java.lang.String, java.lang.Object>> org.springframework.boot.autoconfigure.web.servlet.error.BasicErrorController.error(javax.servlet.http.HttpServletRequest)
2018-09-04 07:18:20.386  INFO 4560 --- [    Test worker] o.s.w.s.handler.SimpleUrlHandlerMapping  : Mapped URL path [/webjars/**] onto handler of type [class org.springframework.web.servlet.resource.ResourceHttpRequestHandler]
2018-09-04 07:18:20.387  INFO 4560 --- [    Test worker] o.s.w.s.handler.SimpleUrlHandlerMapping  : Mapped URL path [/**] onto handler of type [class org.springframework.web.servlet.resource.ResourceHttpRequestHandler]
2018-09-04 07:18:21.303  INFO 4560 --- [    Test worker] o.s.b.a.e.web.EndpointLinksResolver      : Exposing 2 endpoint(s) beneath base path '/actuator'
2018-09-04 07:18:21.329  INFO 4560 --- [    Test worker] s.b.a.e.w.s.WebMvcEndpointHandlerMapping : Mapped "{[/actuator/health],methods=[GET],produces=[application/vnd.spring-boot.actuator.v2+json || application/json]}" onto public java.lang.Object org.springframework.boot.actuate.endpoint.web.servlet.AbstractWebMvcEndpointHandlerMapping$OperationHandler.handle(javax.servlet.http.HttpServletRequest,java.util.Map<java.lang.String, java.lang.String>)
2018-09-04 07:18:21.331  INFO 4560 --- [    Test worker] s.b.a.e.w.s.WebMvcEndpointHandlerMapping : Mapped "{[/actuator/info],methods=[GET],produces=[application/vnd.spring-boot.actuator.v2+json || application/json]}" onto public java.lang.Object org.springframework.boot.actuate.endpoint.web.servlet.AbstractWebMvcEndpointHandlerMapping$OperationHandler.handle(javax.servlet.http.HttpServletRequest,java.util.Map<java.lang.String, java.lang.String>)
2018-09-04 07:18:21.332  INFO 4560 --- [    Test worker] s.b.a.e.w.s.WebMvcEndpointHandlerMapping : Mapped "{[/actuator],methods=[GET],produces=[application/vnd.spring-boot.actuator.v2+json || application/json]}" onto protected java.lang.Object org.springframework.boot.actuate.endpoint.web.servlet.WebMvcEndpointHandlerMapping.links(javax.servlet.http.HttpServletRequest,javax.servlet.http.HttpServletResponse)
2018-09-04 07:18:21.440  INFO 4560 --- [    Test worker] c.v.s.e.RequestSplitterApplicationTests  : Started RequestSplitterApplicationTests in 4.941 seconds (JVM running for 6.834)
]]></system-out>
  <system-err><![CDATA[]]></system-err>
</testsuite>
