<?xml version="1.0" encoding="UTF-8"?>
<testsuite name="com.vakyam.spring.requestsplitter.MirroringFilterTest" tests="3" skipped="0" failures="0" errors="0" timestamp="2018-09-03T16:22:57" hostname="saturn.local" time="0.087">
  <properties/>
  <testcase name="testFilterBypassOnNullHost" classname="com.vakyam.spring.requestsplitter.MirroringFilterTest" time="0.075"/>
  <testcase name="testFilterBypassOnHeader" classname="com.vakyam.spring.requestsplitter.MirroringFilterTest" time="0.003"/>
  <testcase name="testFilter" classname="com.vakyam.spring.requestsplitter.MirroringFilterTest" time="0.009"/>
  <system-out><![CDATA[2018-09-03 10:22:57.904 DEBUG 7570 --- [    Test worker] c.v.s.requestsplitter.MirroringFilter    : Inside mirror()
2018-09-03 10:22:57.915 DEBUG 7570 --- [    Test worker] c.v.s.requestsplitter.MirroringFilter    : Inside mirror()
2018-09-03 10:22:57.918 DEBUG 7570 --- [    Test worker] c.v.s.requestsplitter.MirroringFilter    : Inside mirror()
2018-09-03 10:22:57.919 DEBUG 7570 --- [    Test worker] c.v.s.requestsplitter.MirroringFilter    : http://localhost:8080/read
2018-09-03 10:22:57.924 DEBUG 7570 --- [    Test worker] c.v.s.requestsplitter.MirroringFilter    : Mirroring request to http://localhost:8080/read
]]></system-out>
  <system-err><![CDATA[]]></system-err>
</testsuite>
