<?xml version="1.0" encoding="UTF-8"?>
<testsuite name="com.vakyam.spring.requestsplitter.MirroringFilterTest" tests="3" skipped="0" failures="0" errors="0" timestamp="2018-09-03T16:11:14" hostname="saturn.local" time="0.094">
  <properties/>
  <testcase name="testFilterBypassOnNullHost" classname="com.vakyam.spring.requestsplitter.MirroringFilterTest" time="0.081"/>
  <testcase name="testFilterBypassOnHeader" classname="com.vakyam.spring.requestsplitter.MirroringFilterTest" time="0.003"/>
  <testcase name="testFilter" classname="com.vakyam.spring.requestsplitter.MirroringFilterTest" time="0.01"/>
  <system-out><![CDATA[2018-09-03 10:11:14.508 DEBUG 6549 --- [    Test worker] c.v.s.requestsplitter.MirroringFilter    : Inside mirror()
2018-09-03 10:11:14.519 DEBUG 6549 --- [    Test worker] c.v.s.requestsplitter.MirroringFilter    : Inside mirror()
2018-09-03 10:11:14.523 DEBUG 6549 --- [    Test worker] c.v.s.requestsplitter.MirroringFilter    : Inside mirror()
2018-09-03 10:11:14.524 DEBUG 6549 --- [    Test worker] c.v.s.requestsplitter.MirroringFilter    : http://localhost:8080/read
2018-09-03 10:11:14.529 DEBUG 6549 --- [    Test worker] c.v.s.requestsplitter.MirroringFilter    : Mirroring request to http://localhost:8080/read
]]></system-out>
  <system-err><![CDATA[]]></system-err>
</testsuite>
