<?xml version="1.0" encoding="UTF-8"?>
<testsuite name="com.vakyam.spring.requestsplitter.MirroringFilterTest" tests="3" skipped="0" failures="0" errors="0" timestamp="2018-09-03T16:45:52" hostname="saturn.local" time="0.093">
  <properties/>
  <testcase name="testFilterBypassOnNullHost" classname="com.vakyam.spring.requestsplitter.MirroringFilterTest" time="0.078"/>
  <testcase name="testFilterBypassOnHeader" classname="com.vakyam.spring.requestsplitter.MirroringFilterTest" time="0.003"/>
  <testcase name="testFilter" classname="com.vakyam.spring.requestsplitter.MirroringFilterTest" time="0.01"/>
  <system-out><![CDATA[2018-09-03 10:45:52.117  INFO 9981 --- [    Test worker] o.s.t.c.s.DefaultTestContextBootstrapper : Neither @ContextConfiguration nor @ContextHierarchy found for test class [com.vakyam.spring.requestsplitter.MirroringFilterTest], using DelegatingSmartContextLoader
2018-09-03 10:45:52.118  INFO 9981 --- [    Test worker] o.s.t.c.support.AbstractContextLoader    : Could not detect default resource locations for test class [com.vakyam.spring.requestsplitter.MirroringFilterTest]: no resource found for suffixes {-context.xml}.
2018-09-03 10:45:52.121  INFO 9981 --- [    Test worker] t.c.s.AnnotationConfigContextLoaderUtils : Could not detect default configuration classes for test class [com.vakyam.spring.requestsplitter.MirroringFilterTest]: MirroringFilterTest does not declare any static, non-private, non-final, nested classes annotated with @Configuration.
2018-09-03 10:45:52.123  INFO 9981 --- [    Test worker] o.s.t.c.s.DefaultTestContextBootstrapper : Loaded default TestExecutionListener class names from location [META-INF/spring.factories]: [org.springframework.boot.test.autoconfigure.restdocs.RestDocsTestExecutionListener, org.springframework.boot.test.autoconfigure.web.client.MockRestServiceServerResetTestExecutionListener, org.springframework.boot.test.autoconfigure.web.servlet.MockMvcPrintOnlyOnFailureTestExecutionListener, org.springframework.boot.test.autoconfigure.web.servlet.WebDriverTestExecutionListener, org.springframework.boot.test.mock.mockito.MockitoTestExecutionListener, org.springframework.boot.test.mock.mockito.ResetMocksTestExecutionListener, org.springframework.test.context.web.ServletTestExecutionListener, org.springframework.test.context.support.DirtiesContextBeforeModesTestExecutionListener, org.springframework.test.context.support.DependencyInjectionTestExecutionListener, org.springframework.test.context.support.DirtiesContextTestExecutionListener, org.springframework.test.context.transaction.TransactionalTestExecutionListener, org.springframework.test.context.jdbc.SqlScriptsTestExecutionListener]
2018-09-03 10:45:52.125  INFO 9981 --- [    Test worker] o.s.t.c.s.DefaultTestContextBootstrapper : Using TestExecutionListeners: [org.springframework.test.context.web.ServletTestExecutionListener@247508b9, org.springframework.test.context.support.DirtiesContextBeforeModesTestExecutionListener@76c35e66, org.springframework.boot.test.mock.mockito.MockitoTestExecutionListener@310d0516, org.springframework.test.context.support.DependencyInjectionTestExecutionListener@17eb2c92, org.springframework.test.context.support.DirtiesContextTestExecutionListener@1bd7ce16, org.springframework.boot.test.autoconfigure.restdocs.RestDocsTestExecutionListener@778b8364, org.springframework.boot.test.autoconfigure.web.client.MockRestServiceServerResetTestExecutionListener@2e770d36, org.springframework.boot.test.autoconfigure.web.servlet.MockMvcPrintOnlyOnFailureTestExecutionListener@60363bd6, org.springframework.boot.test.autoconfigure.web.servlet.WebDriverTestExecutionListener@45b4feb8, org.springframework.boot.test.mock.mockito.ResetMocksTestExecutionListener@6e8fd5c9]
2018-09-03 10:45:52.127  INFO 9981 --- [    Test worker] o.s.c.support.GenericApplicationContext  : Refreshing org.springframework.context.support.GenericApplicationContext@5bacc858: startup date [Mon Sep 03 10:45:52 MDT 2018]; root of context hierarchy
2018-09-03 10:45:52.217 DEBUG 9981 --- [    Test worker] c.v.s.requestsplitter.MirroringFilter    : Inside mirror()
2018-09-03 10:45:52.229 DEBUG 9981 --- [    Test worker] c.v.s.requestsplitter.MirroringFilter    : Inside mirror()
2018-09-03 10:45:52.233 DEBUG 9981 --- [    Test worker] c.v.s.requestsplitter.MirroringFilter    : Inside mirror()
2018-09-03 10:45:52.234 DEBUG 9981 --- [    Test worker] c.v.s.requestsplitter.MirroringFilter    : http://localhost:8080/read
2018-09-03 10:45:52.239 DEBUG 9981 --- [    Test worker] c.v.s.requestsplitter.MirroringFilter    : Mirroring request to http://localhost:8080/read
]]></system-out>
  <system-err><![CDATA[]]></system-err>
</testsuite>
